INFO [2026-06-11 12:11:45] Logging initialized at 2026-06-11 12:11:45.121303
INFO [2026-06-11 12:11:45] Log file: output/project_log_20260611_121145.log
INFO [2026-06-11 12:11:45] Log level: INFO
INFO [2026-06-11 12:11:45] ========================================
INFO [2026-06-11 12:11:45] Starting script: Circular barplot descriptives MED
INFO [2026-06-11 12:11:45] Start time: 2026-06-11 12:11:45.143304
INFO [2026-06-11 12:11:45] User: eleon
INFO [2026-06-11 12:11:45] Working directory: C:/Users/eleon/repoplot
INFO [2026-06-11 12:11:45] ========================================
INFO [2026-06-11 12:11:45] Loading data from simulated dataset
ERROR [2026-06-11 12:11:45] Error during visualization: cannot open the connection
ERROR [2026-06-11 12:11:45] Traceback: c("stop(sprintf(\"Please install the '%s' package to use %s\", pkg, ", "    deparse(pc[[1]])), call. = FALSE)")
fail_on_missing_package("glue")
c("(structure(function (..., .logcall = sys.call(), .topcall = sys.call(-1), ", "    .topenv = parent.frame()) ", "{", "    fail_on_missing_package(\"glue\")", "    withCallingHandlers(glue::glue(..., .envir = .topenv), error = function(e) {", "        args <- paste0(capture.output(str(...)), collapse = \"\\n\")", "        stop(paste0(\"`glue` failed in `formatter_glue` on:\\n\\n\", ", "            args, \"\\n\\nRaw error message:\\n\\n\", conditionMessage(e), ", "            \"\\n\\nPlease consider using another `log_formatter` or \", ", 
"            \"`skip_formatter` on strings with curly braces.\"))", "    })", "}, generator = formatter_glue()))(\"Logging initialized at {Sys.time()}\", ", "    .logcall = log_info(\"Logging initialized at {Sys.time()}\"), ", "    .topcall = init_logging(log_level = \"INFO\", log_dir = \"output\", ", "        verbose = TRUE), .topenv = <environment>)")
c("do.call(formatter, c(res$params, list(.logcall = substitute(.logcall), ", "    .topcall = substitute(.topcall), .topenv = .topenv)))")
c("(function (level, ..., namespace = NA_character_, .logcall = sys.call(), ", "    .topcall = sys.call(-1), .topenv = parent.frame(), .timestamp = Sys.time()) ", "{", "    res <- list(level = level, namespace = namespace, params = list(...), ", "        handlers = list(formatter = formatter, layout = layout, ", "            appender = appender), message = NULL, record = NULL)", "    if (level > threshold) {", "        return(invisible(res))", "    }", "    if (length(res$params) == 1 && isTRUE(attr(res$params[[1]], ", 
"        \"skip_formatter\", exact = TRUE))) {", "        res$message <- res$params[[1]]", "    }", "    else {", "        res$message <- do.call(formatter, c(res$params, list(.logcall = substitute(.logcall), ", "            .topcall = substitute(.topcall), .topenv = .topenv)))", "    }", "    if (\".timestamp\" %in% names(formals(layout))) {", "        res$record <- layout(level, res$message, namespace = namespace, ", "            .logcall = substitute(.logcall), .topcall = substitute(.topcall), ", 
"            .topenv = .topenv, .timestamp = .timestamp)", "    }", "    else {", "        res$record <- layout(level, res$message, namespace = namespace, ", "            .logcall = substitute(.logcall), .topcall = substitute(.topcall), ", "            .topenv = .topenv)", "    }", "    appender(res$record)", "    invisible(res)", "})(\"Logging initialized at {Sys.time()}\", level = structure(400L, level = \"INFO\", class = c(\"loglevel\", ", "\"integer\")), .logcall = log_info(\"Logging initialized at {Sys.time()}\"), ", 
"    .topcall = init_logging(log_level = \"INFO\", log_dir = \"output\", ", "        verbose = TRUE), .topenv = <environment>, .timestamp = structure(1781172663.29863, class = c(\"POSIXct\", ", "    \"POSIXt\")), namespace = \"global\")")
do.call(log_fun, log_arg)
structure(do.call(log_fun, log_arg), class = "logger")
FUN(X[[i]], ...)
c("lapply(definitions, function(definition) {", "    if (level > definition$threshold) {", "        return(NULL)", "    }", "    log_fun <- do.call(logger, definition)", "    structure(do.call(log_fun, log_arg), class = \"logger\")", "})")
c("log_level(INFO, ..., namespace = namespace, .logcall = .logcall, ", "    .topcall = .topcall, .topenv = .topenv, .timestamp = .timestamp)")
log_info("Logging initialized at {Sys.time()}")
init_logging(log_level = "INFO", log_dir = "output", verbose = TRUE)
eval(ei, envir)
eval(ei, envir)
withVisible(eval(ei, envir))
